<?xml version="1.0" encoding="UTF-8"?>
<!-- Generated by org.testng.reporters.JUnitXMLReporter -->
<testsuite ignored="6" hostname="jeevan-HP-15-Notebook-PC" failures="0" tests="3" name="CodingRound" time="68.245" errors="0" timestamp="19 Nov 2019 18:35:24 GMT">
  <testcase classname="com.testvagrant.tests.UserSignInTest" name="shouldThrowAnErrorIfSignInDetailsAreMissing" time="3.069"/>
  <testcase classname="com.testvagrant.tests.OneWayFlightBookingTest" name="testThatResultsAppearForAOneWayJourney" time="14.755"/>
  <testcase classname="com.testvagrant.tests.HotelRoomBookingTest" name="shouldBeAbleToSearchForHotels" time="29.419"/>
  <testcase classname="com.utils.TestInitilizer" name="@BeforeTest Setup" time="0.0">
    <ignored/>
  </testcase> <!-- @BeforeTest Setup -->
  <testcase classname="com.utils.TestInitilizer" name="@BeforeTest Setup" time="0.0">
    <ignored/>
  </testcase> <!-- @BeforeTest Setup -->
  <testcase classname="com.utils.TestInitilizer" name="@AfterSuite suiteEndReached" time="0.0">
    <ignored/>
  </testcase> <!-- @AfterSuite suiteEndReached -->
  <testcase classname="com.utils.TestInitilizer" name="@AfterSuite suiteEndReached" time="0.0">
    <ignored/>
  </testcase> <!-- @AfterSuite suiteEndReached -->
  <testcase classname="com.utils.TestInitilizer" name="@BeforeSuite beforeSetup" time="0.0">
    <ignored/>
  </testcase> <!-- @BeforeSuite beforeSetup -->
  <testcase classname="com.utils.TestInitilizer" name="@BeforeSuite beforeSetup" time="0.0">
    <ignored/>
  </testcase> <!-- @BeforeSuite beforeSetup -->
</testsuite> <!-- CodingRound -->
