<?xml version="1.0" encoding="UTF-8"?>
<testng-results ignored="6" total="9" passed="3" failed="0" skipped="0">
  <reporter-output>
  </reporter-output>
  <suite started-at="2019-11-19T18:34:16Z" name="Test Vagrant Test Suite" finished-at="2019-11-19T18:35:24Z" duration-ms="68245">
    <groups>
    </groups>
    <test started-at="2019-11-19T18:34:16Z" name="CodingRound" finished-at="2019-11-19T18:35:24Z" duration-ms="68245">
      <class name="com.testvagrant.tests.OneWayFlightBookingTest">
        <test-method is-config="true" signature="beforeClass()[pri:0, instance:com.testvagrant.tests.OneWayFlightBookingTest@4c39bec8]" started-at="2019-11-20T00:04:31Z" name="beforeClass" finished-at="2019-11-20T00:04:35Z" duration-ms="4481" status="PASS">
          <reporter-output>
          </reporter-output>
        </test-method> <!-- beforeClass -->
        <test-method is-config="true" signature="beforeMethodCalled(java.lang.reflect.Method)[pri:0, instance:com.testvagrant.tests.OneWayFlightBookingTest@4c39bec8]" started-at="2019-11-20T00:04:35Z" name="beforeMethodCalled" finished-at="2019-11-20T00:04:35Z" duration-ms="1" status="PASS">
          <params>
            <param index="0">
              <value>
                <![CDATA[public void com.testvagrant.tests.OneWayFlightBookingTest.testThatResultsAppearForAOneWayJourney() throws java.lang.InterruptedException]]>
              </value>
            </param>
          </params>
          <reporter-output>
          </reporter-output>
        </test-method> <!-- beforeMethodCalled -->
        <test-method signature="testThatResultsAppearForAOneWayJourney()[pri:0, instance:com.testvagrant.tests.OneWayFlightBookingTest@4c39bec8]" started-at="2019-11-20T00:04:35Z" name="testThatResultsAppearForAOneWayJourney" finished-at="2019-11-20T00:04:50Z" duration-ms="14755" status="PASS">
          <reporter-output>
          </reporter-output>
        </test-method> <!-- testThatResultsAppearForAOneWayJourney -->
        <test-method is-config="true" signature="afterMethodCalled(java.lang.reflect.Method)[pri:0, instance:com.testvagrant.tests.OneWayFlightBookingTest@4c39bec8]" started-at="2019-11-20T00:04:50Z" name="afterMethodCalled" finished-at="2019-11-20T00:04:50Z" duration-ms="0" status="PASS">
          <params>
            <param index="0">
              <value>
                <![CDATA[public void com.testvagrant.tests.OneWayFlightBookingTest.testThatResultsAppearForAOneWayJourney() throws java.lang.InterruptedException]]>
              </value>
            </param>
          </params>
          <reporter-output>
          </reporter-output>
        </test-method> <!-- afterMethodCalled -->
        <test-method is-config="true" signature="tearDown()[pri:0, instance:com.testvagrant.tests.OneWayFlightBookingTest@4c39bec8]" started-at="2019-11-20T00:04:50Z" name="tearDown" finished-at="2019-11-20T00:04:50Z" duration-ms="0" status="PASS">
          <reporter-output>
          </reporter-output>
        </test-method> <!-- tearDown -->
      </class> <!-- com.testvagrant.tests.OneWayFlightBookingTest -->
      <class name="com.testvagrant.tests.UserSignInTest">
        <test-method is-config="true" signature="beforeSetup()[pri:0, instance:com.testvagrant.tests.UserSignInTest@8c3b9d]" started-at="2019-11-20T00:04:16Z" name="beforeSetup" finished-at="2019-11-20T00:04:16Z" duration-ms="16" status="PASS">
          <reporter-output>
          </reporter-output>
        </test-method> <!-- beforeSetup -->
        <test-method is-config="true" signature="Setup()[pri:0, instance:com.testvagrant.tests.UserSignInTest@8c3b9d]" started-at="2019-11-20T00:04:16Z" name="Setup" finished-at="2019-11-20T00:04:23Z" duration-ms="7325" status="PASS">
          <reporter-output>
          </reporter-output>
        </test-method> <!-- Setup -->
        <test-method is-config="true" signature="beforeClass()[pri:0, instance:com.testvagrant.tests.UserSignInTest@8c3b9d]" started-at="2019-11-20T00:04:23Z" name="beforeClass" finished-at="2019-11-20T00:04:28Z" duration-ms="4509" status="PASS">
          <reporter-output>
          </reporter-output>
        </test-method> <!-- beforeClass -->
        <test-method is-config="true" signature="beforeMethodCalled(java.lang.reflect.Method)[pri:0, instance:com.testvagrant.tests.UserSignInTest@8c3b9d]" started-at="2019-11-20T00:04:28Z" name="beforeMethodCalled" finished-at="2019-11-20T00:04:28Z" duration-ms="4" status="PASS">
          <params>
            <param index="0">
              <value>
                <![CDATA[public void com.testvagrant.tests.UserSignInTest.shouldThrowAnErrorIfSignInDetailsAreMissing() throws java.lang.InterruptedException]]>
              </value>
            </param>
          </params>
          <reporter-output>
          </reporter-output>
        </test-method> <!-- beforeMethodCalled -->
        <test-method signature="shouldThrowAnErrorIfSignInDetailsAreMissing()[pri:0, instance:com.testvagrant.tests.UserSignInTest@8c3b9d]" started-at="2019-11-20T00:04:28Z" name="shouldThrowAnErrorIfSignInDetailsAreMissing" finished-at="2019-11-20T00:04:31Z" duration-ms="3069" status="PASS">
          <reporter-output>
          </reporter-output>
        </test-method> <!-- shouldThrowAnErrorIfSignInDetailsAreMissing -->
        <test-method is-config="true" signature="afterMethodCalled(java.lang.reflect.Method)[pri:0, instance:com.testvagrant.tests.UserSignInTest@8c3b9d]" started-at="2019-11-20T00:04:31Z" name="afterMethodCalled" finished-at="2019-11-20T00:04:31Z" duration-ms="1" status="PASS">
          <params>
            <param index="0">
              <value>
                <![CDATA[public void com.testvagrant.tests.UserSignInTest.shouldThrowAnErrorIfSignInDetailsAreMissing() throws java.lang.InterruptedException]]>
              </value>
            </param>
          </params>
          <reporter-output>
          </reporter-output>
        </test-method> <!-- afterMethodCalled -->
        <test-method is-config="true" signature="tearDown()[pri:0, instance:com.testvagrant.tests.UserSignInTest@8c3b9d]" started-at="2019-11-20T00:04:31Z" name="tearDown" finished-at="2019-11-20T00:04:31Z" duration-ms="1" status="PASS">
          <reporter-output>
          </reporter-output>
        </test-method> <!-- tearDown -->
        <test-method is-config="true" signature="suiteEndReached()[pri:0, instance:com.testvagrant.tests.UserSignInTest@8c3b9d]" started-at="2019-11-20T00:05:25Z" name="suiteEndReached" finished-at="2019-11-20T00:05:25Z" duration-ms="239" status="PASS">
          <reporter-output>
          </reporter-output>
        </test-method> <!-- suiteEndReached -->
      </class> <!-- com.testvagrant.tests.UserSignInTest -->
      <class name="com.testvagrant.tests.HotelRoomBookingTest">
        <test-method is-config="true" signature="beforeClass()[pri:0, instance:com.testvagrant.tests.HotelRoomBookingTest@f79e]" started-at="2019-11-20T00:04:50Z" name="beforeClass" finished-at="2019-11-20T00:04:55Z" duration-ms="4600" status="PASS">
          <reporter-output>
          </reporter-output>
        </test-method> <!-- beforeClass -->
        <test-method is-config="true" signature="beforeMethodCalled(java.lang.reflect.Method)[pri:0, instance:com.testvagrant.tests.HotelRoomBookingTest@f79e]" started-at="2019-11-20T00:04:55Z" name="beforeMethodCalled" finished-at="2019-11-20T00:04:55Z" duration-ms="1" status="PASS">
          <params>
            <param index="0">
              <value>
                <![CDATA[public void com.testvagrant.tests.HotelRoomBookingTest.shouldBeAbleToSearchForHotels() throws java.lang.InterruptedException]]>
              </value>
            </param>
          </params>
          <reporter-output>
          </reporter-output>
        </test-method> <!-- beforeMethodCalled -->
        <test-method signature="shouldBeAbleToSearchForHotels()[pri:0, instance:com.testvagrant.tests.HotelRoomBookingTest@f79e]" started-at="2019-11-20T00:04:55Z" name="shouldBeAbleToSearchForHotels" finished-at="2019-11-20T00:05:24Z" duration-ms="29419" status="PASS">
          <reporter-output>
          </reporter-output>
        </test-method> <!-- shouldBeAbleToSearchForHotels -->
        <test-method is-config="true" signature="afterMethodCalled(java.lang.reflect.Method)[pri:0, instance:com.testvagrant.tests.HotelRoomBookingTest@f79e]" started-at="2019-11-20T00:05:24Z" name="afterMethodCalled" finished-at="2019-11-20T00:05:24Z" duration-ms="2" status="PASS">
          <params>
            <param index="0">
              <value>
                <![CDATA[public void com.testvagrant.tests.HotelRoomBookingTest.shouldBeAbleToSearchForHotels() throws java.lang.InterruptedException]]>
              </value>
            </param>
          </params>
          <reporter-output>
          </reporter-output>
        </test-method> <!-- afterMethodCalled -->
        <test-method is-config="true" signature="tearDown()[pri:0, instance:com.testvagrant.tests.HotelRoomBookingTest@f79e]" started-at="2019-11-20T00:05:24Z" name="tearDown" finished-at="2019-11-20T00:05:24Z" duration-ms="1" status="PASS">
          <reporter-output>
          </reporter-output>
        </test-method> <!-- tearDown -->
      </class> <!-- com.testvagrant.tests.HotelRoomBookingTest -->
    </test> <!-- CodingRound -->
  </suite> <!-- Test Vagrant Test Suite -->
</testng-results>
